<?xml version="1.0" encoding="UTF-8"?>
<!-- Generated by org.testng.reporters.JUnitReportReporter -->
<testsuite hostname="VaibhavG" name="Demo.TestNGpriorityDemo" tests="3" failures="0" timestamp="31 Jan 2021 07:04:05 GMT" time="0.015" errors="0">
  <testcase name="One" time="0.015" classname="Demo.TestNGpriorityDemo"/>
  <testcase name="Three" time="0.000" classname="Demo.TestNGpriorityDemo"/>
  <testcase name="Two" time="0.000" classname="Demo.TestNGpriorityDemo"/>
</testsuite> <!-- Demo.TestNGpriorityDemo -->
