<?xml version="1.0" encoding="UTF-8"?>
<!-- Generated by org.testng.reporters.JUnitReportReporter -->
<testsuite hostname="VaibhavG" name="Tests.TestNG_Demo" tests="2" failures="0" timestamp="26 Jan 2021 10:26:19 GMT" time="11.693" errors="0">
  <testcase name="googlesearchtest3" time="4.241" classname="Tests.TestNG_Demo"/>
  <testcase name="googlesearchtest2" time="7.452" classname="Tests.TestNG_Demo"/>
</testsuite> <!-- Tests.TestNG_Demo -->
