<?xml version="1.0" encoding="UTF-8"?>
<!-- Generated by org.testng.reporters.JUnitReportReporter -->
<testsuite hostname="VaibhavG" name="Demo.TestNGParametersDemo" tests="1" failures="0" timestamp="31 Jan 2021 08:08:17 GMT" time="0.016" errors="0">
  <testcase name="test" time="0.016" classname="Demo.TestNGParametersDemo"/>
</testsuite> <!-- Demo.TestNGParametersDemo -->
