<?xml version="1.0" encoding="UTF-8"?>
<!-- Generated by org.testng.reporters.JUnitReportReporter -->
<testsuite hostname="VaibhavG" name="Demo.TestNGGroupDemo" tests="4" failures="0" timestamp="1 Feb 2021 13:39:45 GMT" time="0.011" errors="0">
  <testcase name="test2" time="0.004" classname="Demo.TestNGGroupDemo"/>
  <testcase name="test1" time="0.003" classname="Demo.TestNGGroupDemo"/>
  <testcase name="test3" time="0.002" classname="Demo.TestNGGroupDemo"/>
  <testcase name="test4" time="0.002" classname="Demo.TestNGGroupDemo"/>
</testsuite> <!-- Demo.TestNGGroupDemo -->
