<?xml version="1.0" encoding="UTF-8"?>
<!-- Generated by org.testng.reporters.JUnitReportReporter -->
<testsuite hostname="VaibhavG" name="Demo.TestNGIgnoreDemo" tests="3" failures="0" timestamp="1 Feb 2021 13:50:44 GMT" time="0.020" errors="0">
  <testcase name="test3" time="0.002" classname="Demo.TestNGIgnoreDemo"/>
  <testcase name="test2" time="0.003" classname="Demo.TestNGIgnoreDemo"/>
  <testcase name="test1" time="0.015" classname="Demo.TestNGIgnoreDemo"/>
</testsuite> <!-- Demo.TestNGIgnoreDemo -->
