<?xml version="1.0" encoding="UTF-8"?>
<!-- Generated by org.testng.reporters.JUnitReportReporter -->
<testsuite hostname="VaibhavG" name="Demo.TestNGDependencydemo" tests="3" failures="0" timestamp="1 Feb 2021 13:41:58 GMT" time="0.025" errors="0">
  <testcase name="test2" time="0.020" classname="Demo.TestNGDependencydemo"/>
  <testcase name="test3" time="0.003" classname="Demo.TestNGDependencydemo"/>
  <testcase name="test1" time="0.002" classname="Demo.TestNGDependencydemo"/>
</testsuite> <!-- Demo.TestNGDependencydemo -->
