<?xml version="1.0" encoding="UTF-8"?>
<!-- Generated by org.testng.reporters.JUnitReportReporter -->
<testsuite hostname="VaibhavG" name="utils.ExcelDataProvider" tests="1" failures="0" timestamp="29 Jan 2021 10:48:11 GMT" time="0.031" errors="0">
  <testcase name="test1" time="0.031" classname="utils.ExcelDataProvider"/>
</testsuite> <!-- utils.ExcelDataProvider -->
