<?xml version="1.0" encoding="UTF-8"?>
<!-- Generated by org.testng.reporters.JUnitReportReporter -->
<testsuite hostname="VaibhavG" name="Tests.ExtentReportsDemoWithtestNG" tests="2" failures="0" timestamp="24 Jan 2021 08:14:49 GMT" time="4.942" errors="0">
  <testcase name="test2" time="1.845" classname="Tests.ExtentReportsDemoWithtestNG"/>
  <testcase name="test1" time="3.097" classname="Tests.ExtentReportsDemoWithtestNG"/>
</testsuite> <!-- Tests.ExtentReportsDemoWithtestNG -->
