<?xml version="1.0" encoding="UTF-8"?>
<!-- Generated by org.testng.reporters.JUnitReportReporter -->
<testsuite hostname="VaibhavG" name="Tests.TestNG" tests="1" failures="0" timestamp="24 Jan 2021 12:25:14 GMT" time="6.792" errors="0">
  <testcase name="googlesearchtest" time="6.792" classname="Tests.TestNG"/>
</testsuite> <!-- Tests.TestNG -->
